Log file: /home/linuxury/Documents/Arch Linux/scripts/../logs/install-wizard-20260217-202042.log
Dry run: 0
install-wizard.sh: line 113: rg: command not found
install-wizard.sh: line 116: rg: command not found

== Hardware Detection ==
Detected hardware profile and proposed defaults.
Detected chassis: desktop
Battery detected: no
Fingerprint device hint: no
Proposed profile: desktop
Use these defaults as starting point? [Y/n]: 
== Core Layer ==
Base OS stack: kernel, network/audio/session baseline, microcode/GPU, bootloader config, and Btrfs snapshots.
Install core layer? [Y/n]: 
Kernel profiles:
  1) zen-lts      (recommended: zen main + lts fallback)
  2) mainline-zen (rc/mainline main + zen fallback)
  3) zen-stable   (zen main + stable fallback)
  4) none         (skip kernel package changes)
Choose profile [1-4] (default 1): Install CPU microcode? [Y/n]: Install GPU drivers? [Y/n]: Configure systemd-boot quiet default + fallback? [Y/n]: Configure Btrfs snapshots (Snapper) when root is Btrfs? [Y/n]: 
== Repo Layer ==
Repository/AUR setup: Chaotic-AUR and paru.
Install repo layer? [Y/n]: Configure Chaotic-AUR? [Y/n]: Install paru? [Y/n]: 
== Service Layer ==
System services: reflector, ufw, bluetooth, fstrim, sshd, tailscale, power profiles.
Install service layer? [Y/n]: Enable reflector periodic mirror refresh? [Y/n]: Enable firmware updates (fwupd)? [Y/n]: Enable zram swap profile? [Y/n]: Apply SSH hardening (root login off, key-only when keys are present)? [Y/n]: Enable laptop extras (fingerprint + laptop power helpers)? [y/N]: 
== Userland Layer ==
Desktop/user applications including apps bundle, development stack, gaming stack, and COSMIC.
Install userland layer? [Y/n]: Install apps bundle (Firefox, Thunderbird, OnlyOffice/Zed candidates, etc.)? [Y/n]: Install development bundle (Python + Rust)? [Y/n]: Install gaming bundle? [Y/n]: Install COSMIC packages where available? [Y/n]: 
== Summary ==
Review selected layers before execution.
Core:      yes (kernel=mainline-zen, microcode=yes, gpu=yes, boot=yes, snapshots=yes)
Repos:     yes (chaotic=yes, paru=yes)
Services:  yes (laptop extras=no, reflector timer=yes, fwupd=yes, zram=yes, ssh hardening=yes)
Userland:  yes (apps=yes, dev=yes, gaming=yes, cosmic=yes)
Run postflight validation at the end? [Y/n]: Proceed with selected actions now? [Y/n]: [RUN] core
:: Synchronizing package databases...
 core downloading...
 extra downloading...
 multilib downloading...
 chaotic-aur downloading...
:: Starting full system upgrade...
resolving dependencies...
looking for conflicting packages...

Package (16)           Old Version  New Version  Net Change  Download Size

extra/accountsservice  23.13.9-2    23.13.9-3      0.00 MiB       0.16 MiB
extra/discord          1:0.0.124-1  1:0.0.125-1   -1.50 MiB      78.21 MiB
extra/ffmpeg           2:8.0.1-6    2:8.0.1-7      0.00 MiB      14.08 MiB
extra/fish             4.4.0-1      4.5.0-2       -0.17 MiB       3.57 MiB
core/gettext           1.0-1        1.0-2          0.00 MiB       3.20 MiB
core/groff             1.23.0-7     1.23.0-8       0.02 MiB       2.26 MiB
extra/gtest            1.17.0-1     1.17.0-2       0.00 MiB       0.38 MiB
extra/libplist         2.7.0-2      2.7.0-3        0.00 MiB       0.16 MiB
extra/libusbmuxd       2.1.1-1      2.1.1-2        0.00 MiB       0.03 MiB
core/python            3.14.2-2     3.14.3-1       0.14 MiB      13.02 MiB
extra/python-filelock  3.20.3-1     3.24.0-1       0.10 MiB       0.05 MiB
extra/semver           7.7.3-1      7.7.4-1        0.00 MiB       0.03 MiB
extra/snappy           1.2.2-2      1.2.2-3        0.00 MiB       0.03 MiB
extra/vim              9.1.2132-1   9.2.0010-1    -0.01 MiB       2.37 MiB
extra/vim-runtime      9.1.2132-1   9.2.0010-1     0.09 MiB       7.47 MiB
extra/zed              0.223.3-2    0.223.4-1      0.00 MiB      75.87 MiB

Total Download Size:   200.88 MiB
Total Installed Size:  775.19 MiB
Net Upgrade Size:       -1.33 MiB

:: Proceed with installation? [Y/n] 
:: Retrieving packages...
 discord-1:0.0.125-1-x86_64 downloading...
 zed-0.223.4-1-x86_64 downloading...
 ffmpeg-2:8.0.1-7-x86_64 downloading...
 python-3.14.3-1-x86_64 downloading...
 vim-runtime-9.2.0010-1-x86_64 downloading...
 fish-4.5.0-2-x86_64 downloading...
 gettext-1.0-2-x86_64 downloading...
 vim-9.2.0010-1-x86_64 downloading...
 groff-1.23.0-8-x86_64 downloading...
 gtest-1.17.0-2-x86_64 downloading...
 libplist-2.7.0-3-x86_64 downloading...
 accountsservice-23.13.9-3-x86_64 downloading...
 python-filelock-3.24.0-1-any downloading...
 snappy-1.2.2-3-x86_64 downloading...
 semver-7.7.4-1-any downloading...
 libusbmuxd-2.1.1-2-x86_64 downloading...
checking keyring...
checking package integrity...
loading package files...
checking for file conflicts...
checking available disk space...
:: Processing package changes...
upgrading accountsservice...
upgrading gtest...
upgrading discord...
upgrading snappy...
upgrading python...
upgrading ffmpeg...
upgrading fish...
upgrading gettext...
upgrading groff...
upgrading libplist...
upgrading libusbmuxd...
upgrading python-filelock...
upgrading semver...
upgrading vim-runtime...
upgrading vim...
upgrading zed...
:: Running post-transaction hooks...
(1/8) Reloading system manager configuration...
(2/8) Restarting marked services...
(3/8) Arming ConditionNeedsUpdate...
(4/8) Restarting accounts-daemon...
(5/8) Reloading system bus configuration...
(6/8) Updating icon theme caches...
(7/8) Updating the info directory file...
(8/8) Updating the desktop file MIME type cache...
warning: linux-zen-6.18.9.zen1-2 is up to date -- skipping
resolving dependencies...
looking for conflicting packages...

Package (4)                         New Version    Net Change  Download Size

extra/pahole                        1:1.31-2         0.93 MiB       0.32 MiB
chaotic-aur/linux-mainline          6.19rc8-1      145.13 MiB     144.68 MiB
chaotic-aur/linux-mainline-headers  6.19rc8-1      270.31 MiB      74.24 MiB
extra/linux-zen-headers             6.18.9.zen1-2  263.46 MiB      57.97 MiB

Total Download Size:   277.21 MiB
Total Installed Size:  679.83 MiB

:: Proceed with installation? [Y/n] 
:: Retrieving packages...
 linux-mainline-6.19rc8-1-x86_64 downloading...
 linux-mainline-headers-6.19rc8-1-x86_64 downloading...
 linux-zen-headers-6.18.9.zen1-2-x86_64 downloading...
 pahole-1:1.31-2-x86_64 downloading...
checking keyring...
checking package integrity...
loading package files...
checking for file conflicts...
checking available disk space...
:: Processing package changes...
installing linux-mainline...
Optional dependencies for linux-mainline
    linux-firmware: firmware images needed for some devices [installed]
    scx-scheds: to use sched-ext schedulers
    wireless-regdb: to set the correct wireless channels of your country
installing pahole...
Optional dependencies for pahole
    ostra-cg: Generate call graphs from encoded traces
installing linux-mainline-headers...
installing linux-zen-headers...
:: Running post-transaction hooks...
(1/3) Arming ConditionNeedsUpdate...
(2/3) Updating module dependencies...
(3/3) Updating linux initcpios...
==> Building image from preset: /etc/mkinitcpio.d/linux-mainline.preset: 'default'
==> Using default configuration file: '/etc/mkinitcpio.conf'
  -> -k /boot/vmlinuz-linux-mainline -g /boot/initramfs-linux-mainline.img
==> Starting build: '6.19.0-rc8-1-mainline'
  -> Running build hook: [base]
  -> Running build hook: [udev]
  -> Running build hook: [autodetect]
  -> Running build hook: [microcode]
  -> Running build hook: [modconf]
  -> Running build hook: [kms]
  -> Running build hook: [keyboard]
  -> Running build hook: [keymap]
  -> Running build hook: [consolefont]
  -> Running build hook: [block]
  -> Running build hook: [filesystems]
  -> Running build hook: [fsck]
==> Generating module dependencies
==> Creating zstd-compressed initcpio image: '/boot/initramfs-linux-mainline.img'
  -> Early uncompressed CPIO image generation successful
==> Initcpio image generation successful
warning: networkmanager-1.54.3-1 is up to date -- skipping
warning: pipewire-1:1.4.10-2 is up to date -- skipping
warning: pipewire-pulse-1:1.4.10-2 is up to date -- skipping
warning: wireplumber-0.5.13-1 is up to date -- skipping
warning: xdg-desktop-portal-1.20.3-2 is up to date -- skipping
warning: xdg-desktop-portal-gtk-1.15.3-1 is up to date -- skipping
warning: greetd-0.10.3-1 is up to date -- skipping
warning: snapper-0.13.0-2 is up to date -- skipping
warning: fish-4.5.0-2 is up to date -- skipping
warning: fastfetch-2.59.0-1 is up to date -- skipping
warning: starship-1.24.2-2 is up to date -- skipping
resolving dependencies...
looking for conflicting packages...

Package (4)                           New Version  Net Change  Download Size

extra/qt6-svg                         6.10.2-1       0.96 MiB       0.28 MiB
extra/btrfs-assistant                 2.2-4          0.50 MiB       0.17 MiB
extra/snap-pac                        3.0.1-3        0.04 MiB       0.02 MiB
chaotic-aur/systemd-boot-pacman-hook  3-1.4          0.00 MiB       0.00 MiB

Total Download Size:   0.46 MiB
Total Installed Size:  1.49 MiB

:: Proceed with installation? [Y/n] 
:: Retrieving packages...
 qt6-svg-6.10.2-1-x86_64 downloading...
 btrfs-assistant-2.2-4-x86_64 downloading...
 snap-pac-3.0.1-3-any downloading...
 systemd-boot-pacman-hook-3-1.4-any downloading...
checking keyring...
checking package integrity...
loading package files...
checking for file conflicts...
checking available disk space...
:: Processing package changes...
installing systemd-boot-pacman-hook...
installing snap-pac...
installing qt6-svg...
installing btrfs-assistant...
Optional dependencies for btrfs-assistant
    snapper: Snapper support [installed]
    btrfsmaintenance: Btrfs maintenance support
:: Running post-transaction hooks...
(1/4) Arming ConditionNeedsUpdate...
(2/4) Updating icon theme caches...
(3/4) Updating the desktop file MIME type cache...
(4/4) Performing snapper post snapshots for the following configurations...
==> root: 78
warning: ghostty-1.2.3-3 is up to date -- skipping
 there is nothing to do
Failed to enable unit: File '/etc/systemd/system/display-manager.service' already exists and is a symlink to /usr/lib/systemd/system/cosmic-greeter.service
